<?xml version="1.0" encoding="UTF-8" ?>
<testsuite tests="1" failures="0" name="com.jdbc.JdbcApp.AppTest" time="0.006" errors="0" skipped="0">
  <properties>
    <property name="jansi.mode" value="force"/>
    <property name="java.runtime.name" value="OpenJDK Runtime Environment"/>
    <property name="sun.boot.library.path" value="C:\openjdk-1.8.0.302\java-1.8.0-openjdk-1.8.0.302-1.b08.dev.redhat.windows.x86_64\jre\bin"/>
    <property name="java.vm.version" value="25.302-b08"/>
    <property name="java.vm.vendor" value="Red Hat, Inc."/>
    <property name="maven.multiModuleProjectDirectory" value="C:\Users\KIIT\eclipse-workspace\JdbcApp"/>
    <property name="java.vendor.url" value="https://developers.redhat.com/"/>
    <property name="path.separator" value=";"/>
    <property name="guice.disable.misplaced.annotation.check" value="true"/>
    <property name="java.vm.name" value="OpenJDK 64-Bit Server VM"/>
    <property name="file.encoding.pkg" value="sun.io"/>
    <property name="user.script" value=""/>
    <property name="user.country" value="US"/>
    <property name="sun.java.launcher" value="SUN_STANDARD"/>
    <property name="sun.os.patch.level" value=""/>
    <property name="java.vm.specification.name" value="Java Virtual Machine Specification"/>
    <property name="user.dir" value="C:\Users\KIIT\eclipse-workspace\JdbcApp"/>
    <property name="java.runtime.version" value="1.8.0_302-b08"/>
    <property name="java.awt.graphicsenv" value="sun.awt.Win32GraphicsEnvironment"/>
    <property name="java.endorsed.dirs" value="C:\openjdk-1.8.0.302\java-1.8.0-openjdk-1.8.0.302-1.b08.dev.redhat.windows.x86_64\jre\lib\endorsed"/>
    <property name="os.arch" value="amd64"/>
    <property name="java.io.tmpdir" value="C:\Users\KIIT\AppData\Local\Temp\"/>
    <property name="line.separator" value="
"/>
    <property name="java.vm.specification.vendor" value="Oracle Corporation"/>
    <property name="user.variant" value=""/>
    <property name="os.name" value="Windows 10"/>
    <property name="classworlds.conf" value="C:\Users\KIIT\eclipse-workspace\.metadata\.plugins\org.eclipse.m2e.launching\launches\m2conf7961509455932472157.tmp"/>
    <property name="sun.jnu.encoding" value="Cp1252"/>
    <property name="java.library.path" value="C:\openjdk-1.8.0.302\java-1.8.0-openjdk-1.8.0.302-1.b08.dev.redhat.windows.x86_64\bin;C:\WINDOWS\Sun\Java\bin;C:\WINDOWS\system32;C:\WINDOWS;C:/eclipse-jee-2023-03-R-win32-x86_64/eclipse//plugins/org.eclipse.justj.openjdk.hotspot.jre.full.win32.x86_64_17.0.6.v20230204-1729/jre/bin/server;C:/eclipse-jee-2023-03-R-win32-x86_64/eclipse//plugins/org.eclipse.justj.openjdk.hotspot.jre.full.win32.x86_64_17.0.6.v20230204-1729/jre/bin;C:\openjdk-1.8.0.302\java-1.8.0-openjdk-1.8.0.302-1.b08.dev.redhat.windows.x86_64\bin;C:\oraclexe\app\oracle\product\11.2.0\server\bin;C:\Program Files (x86)\Common Files\Oracle\Java\javapath;C:\Windows\system32;C:\Windows;C:\Windows\System32\Wbem;C:\Windows\System32\WindowsPowerShell\v1.0\;C:\Windows\System32\OpenSSH\;C:\Program Files (x86)\NVIDIA Corporation\PhysX\Common;C:\Program Files\NVIDIA Corporation\NVIDIA NvDLISR;C:\WINDOWS\system32;C:\WINDOWS;C:\WINDOWS\System32\Wbem;C:\WINDOWS\System32\WindowsPowerShell\v1.0\;C:\WINDOWS\System32\OpenSSH\;C:\Users\KIIT\Documents\FLUTTER\android-sdk\platforms\android-29;C:\Users\KIIT\Documents\FLUTTER\android-sdk\platform-tools;C:\Users\KIIT\Documents\FLUTTER\flutter\bin;C:\Program Files\Android\Android Studio\bin;C:\Users\KIIT\Documents\FLUTTER\flutter;C:\Program Files (x86)\Microsoft SQL Server\160\DTS\Binn\;C:\Program Files\Azure Data Studio\bin;C:\Program Files\Git\cmd;C:\ProgramData\chocolatey\bin;C:\Program Files\MongoDB\Server\6.0\bin;C:\Users\KIIT\Downloads\mongosh-1.9.1-win32-x64.zip\mongosh-1.9.1-win32-x64\bin;C:\apache-maven-3.9.4\apache-maven-3.9.4\bin;C:\Program Files\nodejs\;C:\Program Files\Apache Software Foundation\Tomcat 10.0\bin;C:\Program Files\Eclipse Adoptium\jdk-17.0.7.7-hotspot\bin;C:\Program Files\MySQL\MySQL Server 8.0\bin;;C:\Program Files\Docker\Docker\resources\bin;C:\Users\KIIT\AppData\Local\Programs\Python\Python311\Scripts\;C:\Users\KIIT\AppData\Local\Programs\Python\Python311\;C:\Users\KIIT\anaconda3;C:\Users\KIIT\anaconda3\Library\mingw-w64\bin;C:\Users\KIIT\anaconda3\Library\usr\bin;C:\Users\KIIT\anaconda3\Library\bin;C:\Users\KIIT\anaconda3\Scripts;C:\Users\KIIT\AppData\Local\Programs\Python\Python39\Scripts\;C:\Users\KIIT\AppData\Local\Programs\Python\Python39\;C:\Users\KIIT\AppData\Local\Microsoft\WindowsApps;C:\Program Files (x86)\mingw-w64\i686-8.1.0-posix-dwarf-rt_v6-rev0\mingw32\bin;C:\Users\KIIT\AppData\Local\atom\bin;C:\Users\KIIT\AppData\Local\Microsoft\WindowsApps;C:\Users\KIIT\Documents\FLUTTER\flutter\bin;C:\Program Files\Android\Android Studio\bin;C:\Users\KIIT\Documents\FLUTTER\flutter;C:\Program Files (x86)\Java\jdk;C:\Program Files\Azure Data Studio\bin;C:\MinGW\bin;C:\Users\KIIT\anaconda3\Lib\site-packages\nltk;C:\Program Files\nodejs;C:\Users\KIIT\AppData\Local\Programs\Microsoft VS Code\bin;C:\Program Files\sf\bin;C:\Users\KIIT\Downloads\jdk-17_windows-x64_bin.zip\jdk-17.0.8\bin;C:\Users\KIIT\AppData\Roaming\npm;C:\eclipse-jee-2023-03-R-win32-x86_64\eclipse;;."/>
    <property name="java.specification.name" value="Java Platform API Specification"/>
    <property name="java.class.version" value="52.0"/>
    <property name="sun.management.compiler" value="HotSpot 64-Bit Tiered Compilers"/>
    <property name="os.version" value="10.0"/>
    <property name="user.home" value="C:\Users\KIIT"/>
    <property name="user.timezone" value="Asia/Calcutta"/>
    <property name="java.awt.printerjob" value="sun.awt.windows.WPrinterJob"/>
    <property name="java.specification.version" value="1.8"/>
    <property name="file.encoding" value="UTF-8"/>
    <property name="user.name" value="KIIT"/>
    <property name="java.class.path" value="C:\eclipse-jee-2023-03-R-win32-x86_64\eclipse\plugins\org.eclipse.m2e.maven.runtime_3.8.701.20230209-1606\jars\plexus-classworlds-2.6.0.jar"/>
    <property name="java.vm.specification.version" value="1.8"/>
    <property name="sun.arch.data.model" value="64"/>
    <property name="java.home" value="C:\openjdk-1.8.0.302\java-1.8.0-openjdk-1.8.0.302-1.b08.dev.redhat.windows.x86_64\jre"/>
    <property name="sun.java.command" value="org.codehaus.plexus.classworlds.launcher.Launcher -B -Dstyle.color=always clean install"/>
    <property name="java.specification.vendor" value="Oracle Corporation"/>
    <property name="user.language" value="en"/>
    <property name="awt.toolkit" value="sun.awt.windows.WToolkit"/>
    <property name="java.vm.info" value="mixed mode"/>
    <property name="java.version" value="1.8.0_302"/>
    <property name="java.ext.dirs" value="C:\openjdk-1.8.0.302\java-1.8.0-openjdk-1.8.0.302-1.b08.dev.redhat.windows.x86_64\jre\lib\ext;C:\WINDOWS\Sun\Java\lib\ext"/>
    <property name="sun.boot.class.path" value="C:\openjdk-1.8.0.302\java-1.8.0-openjdk-1.8.0.302-1.b08.dev.redhat.windows.x86_64\jre\lib\resources.jar;C:\openjdk-1.8.0.302\java-1.8.0-openjdk-1.8.0.302-1.b08.dev.redhat.windows.x86_64\jre\lib\rt.jar;C:\openjdk-1.8.0.302\java-1.8.0-openjdk-1.8.0.302-1.b08.dev.redhat.windows.x86_64\jre\lib\sunrsasign.jar;C:\openjdk-1.8.0.302\java-1.8.0-openjdk-1.8.0.302-1.b08.dev.redhat.windows.x86_64\jre\lib\jsse.jar;C:\openjdk-1.8.0.302\java-1.8.0-openjdk-1.8.0.302-1.b08.dev.redhat.windows.x86_64\jre\lib\jce.jar;C:\openjdk-1.8.0.302\java-1.8.0-openjdk-1.8.0.302-1.b08.dev.redhat.windows.x86_64\jre\lib\charsets.jar;C:\openjdk-1.8.0.302\java-1.8.0-openjdk-1.8.0.302-1.b08.dev.redhat.windows.x86_64\jre\lib\jfr.jar;C:\openjdk-1.8.0.302\java-1.8.0-openjdk-1.8.0.302-1.b08.dev.redhat.windows.x86_64\jre\classes"/>
    <property name="java.vendor" value="Red Hat, Inc."/>
    <property name="maven.home" value="C:\Users\KIIT\eclipse-workspace\JdbcApp\EMBEDDED"/>
    <property name="style.color" value="always"/>
    <property name="file.separator" value="\"/>
    <property name="java.vendor.url.bug" value="https://bugzilla.redhat.com/enter_bug.cgi"/>
    <property name="sun.cpu.endian" value="little"/>
    <property name="sun.io.unicode.encoding" value="UnicodeLittle"/>
    <property name="m2e.build.project.data.socket.port" value="55577"/>
    <property name="sun.desktop" value="windows"/>
    <property name="sun.cpu.isalist" value="amd64"/>
  </properties>
  <testcase classname="com.jdbc.JdbcApp.AppTest" name="testApp" time="0.006"/>
</testsuite>